platforms/android/app/build/outputs/logs/manifest-merger-F0-F1-F2-F3-debug-report.txt
-- Merging decision tree log ---
manifest
ADDED from src\main\AndroidManifest.xml:2:1-45:12
	package
		ADDED from src\main\AndroidManifest.xml:3:2-41
		INJECTED from src\main\AndroidManifest.xml
		INJECTED from src\main\AndroidManifest.xml
	android:versionName
		ADDED from src\main\AndroidManifest.xml:5:2-27
		INJECTED from src\main\AndroidManifest.xml
		INJECTED from src\main\AndroidManifest.xml
	android:versionCode
		ADDED from src\main\AndroidManifest.xml:4:2-25
		INJECTED from src\main\AndroidManifest.xml
		INJECTED from src\main\AndroidManifest.xml
	xmlns:android
		ADDED from src\main\AndroidManifest.xml:2:11-69
supports-screens
ADDED from src\main\AndroidManifest.xml:7:2-11:33
	android:largeScreens
		ADDED from src\main\AndroidManifest.xml:10:3-30
	android:smallScreens
		ADDED from src\main\AndroidManifest.xml:8:3-30
	android:normalScreens
		ADDED from src\main\AndroidManifest.xml:9:3-31
	android:xlargeScreens
		ADDED from src\main\AndroidManifest.xml:11:3-31
uses-sdk
ADDED from src\main\AndroidManifest.xml:13:2-15:34
MERGED from [:nativescript-optimized:] AndroidManifest.xml:7:5-9:41
MERGED from [:localnotlib-release:] AndroidManifest.xml:7:5-9:41
MERGED from [:TNSChart-release:] AndroidManifest.xml:7:5-9:41
MERGED from [:TNSListView-release:] AndroidManifest.xml:7:5-9:41
MERGED from [:TNSSideDrawer-release:] AndroidManifest.xml:7:5-9:41
MERGED from [:TNSCore-release:] AndroidManifest.xml:7:5-9:41
MERGED from [:widgets-release:] AndroidManifest.xml:7:5-9:41
MERGED from [com.android.support:design:26.0.0-alpha1] AndroidManifest.xml:21:5-23:62
MERGED from [com.android.support:appcompat-v7:26.0.0-alpha1] AndroidManifest.xml:21:5-23:78
MERGED from [com.android.support:animated-vector-drawable:26.0.0-alpha1] AndroidManifest.xml:20:5-44
MERGED from [com.android.support:support-vector-drawable:26.0.0-alpha1] AndroidManifest.xml:20:5-44
MERGED from [com.android.support:recyclerview-v7:26.0.0-alpha1] AndroidManifest.xml:20:5-44
MERGED from [com.android.support:transition:26.0.0-alpha1] AndroidManifest.xml:20:5-44
MERGED from [com.android.support:support-v4:26.1.0] AndroidManifest.xml:21:5-23:54
MERGED from [com.android.support:support-media-compat:26.1.0] AndroidManifest.xml:21:5-23:63
MERGED from [com.android.support:support-fragment:26.1.0] AndroidManifest.xml:21:5-23:60
MERGED from [com.android.support:support-core-ui:26.1.0] AndroidManifest.xml:21:5-23:58
MERGED from [com.android.support:support-core-utils:26.1.0] AndroidManifest.xml:21:5-23:61
MERGED from [com.android.support:support-compat:26.1.0] AndroidManifest.xml:21:5-23:58
MERGED from [android.arch.lifecycle:runtime:1.0.0] AndroidManifest.xml:20:5-22:41
	tools:overrideLibrary
		ADDED from [com.android.support:design:26.0.0-alpha1] AndroidManifest.xml:23:9-59
	android:targetSdkVersion
		ADDED from src\main\AndroidManifest.xml:15:3-32
		INJECTED from src\main\AndroidManifest.xml
		INJECTED from src\main\AndroidManifest.xml
	android:minSdkVersion
		ADDED from src\main\AndroidManifest.xml:14:3-29
		INJECTED from src\main\AndroidManifest.xml
		INJECTED from src\main\AndroidManifest.xml
uses-permission#android.permission.READ_EXTERNAL_STORAGE
ADDED from src\main\AndroidManifest.xml:17:2-76
	android:name
		ADDED from src\main\AndroidManifest.xml:17:19-74
uses-permission#android.permission.WRITE_EXTERNAL_STORAGE
ADDED from src\main\AndroidManifest.xml:18:2-77
	android:name
		ADDED from src\main\AndroidManifest.xml:18:19-75
uses-permission#android.permission.INTERNET
ADDED from src\main\AndroidManifest.xml:19:2-63
	android:name
		ADDED from src\main\AndroidManifest.xml:19:19-61
uses-permission#android.permission.READ_CONTACTS
ADDED from src\main\AndroidManifest.xml:20:5-71
	android:name
		ADDED from src\main\AndroidManifest.xml:20:22-69
uses-permission#android.permission.READ_CALL_LOG
ADDED from src\main\AndroidManifest.xml:21:5-71
	android:name
		ADDED from src\main\AndroidManifest.xml:21:22-69
application
ADDED from src\main\AndroidManifest.xml:23:2-44:16
MERGED from [:localnotlib-release:] AndroidManifest.xml:13:5-26:19
MERGED from [:widgets-release:] AndroidManifest.xml:11:5-12:19
MERGED from [com.android.support:design:26.0.0-alpha1] AndroidManifest.xml:29:5-20
MERGED from [com.android.support:appcompat-v7:26.0.0-alpha1] AndroidManifest.xml:29:5-20
MERGED from [com.android.support:animated-vector-drawable:26.0.0-alpha1] AndroidManifest.xml:26:5-20
MERGED from [com.android.support:support-vector-drawable:26.0.0-alpha1] AndroidManifest.xml:26:5-20
MERGED from [com.android.support:transition:26.0.0-alpha1] AndroidManifest.xml:26:5-20
MERGED from [com.android.support:support-v4:26.1.0] AndroidManifest.xml:25:5-29:19
MERGED from [com.android.support:support-media-compat:26.1.0] AndroidManifest.xml:25:5-29:19
MERGED from [com.android.support:support-fragment:26.1.0] AndroidManifest.xml:25:5-29:19
MERGED from [com.android.support:support-core-ui:26.1.0] AndroidManifest.xml:25:5-29:19
MERGED from [com.android.support:support-core-utils:26.1.0] AndroidManifest.xml:25:5-29:19
MERGED from [com.android.support:support-compat:26.1.0] AndroidManifest.xml:25:5-29:19
MERGED from [android.arch.lifecycle:runtime:1.0.0] AndroidManifest.xml:24:5-28:19
	android:label
		ADDED from src\main\AndroidManifest.xml:27:3-35
	android:allowBackup
		ADDED from src\main\AndroidManifest.xml:25:3-29
	android:icon
		ADDED from src\main\AndroidManifest.xml:26:3-32
	android:theme
		ADDED from src\main\AndroidManifest.xml:28:3-34
	android:name
		ADDED from src\main\AndroidManifest.xml:24:3-49
activity#com.tns.NativeScriptActivity
ADDED from src\main\AndroidManifest.xml:30:3-42:14
	android:label
		ADDED from src\main\AndroidManifest.xml:32:4-49
	android:configChanges
		ADDED from src\main\AndroidManifest.xml:33:4-65
	android:theme
		ADDED from src\main\AndroidManifest.xml:34:4-44
	android:name
		ADDED from src\main\AndroidManifest.xml:31:4-47
meta-data#SET_THEME_ON_LAUNCH
ADDED from src\main\AndroidManifest.xml:36:4-87
	android:resource
		ADDED from src\main\AndroidManifest.xml:36:50-84
	android:name
		ADDED from src\main\AndroidManifest.xml:36:15-49
intent-filter#android.intent.action.MAIN+android.intent.category.LAUNCHER
ADDED from src\main\AndroidManifest.xml:38:4-41:20
action#android.intent.action.MAIN
ADDED from src\main\AndroidManifest.xml:39:5-57
	android:name
		ADDED from src\main\AndroidManifest.xml:39:13-54
category#android.intent.category.LAUNCHER
ADDED from src\main\AndroidManifest.xml:40:5-65
	android:name
		ADDED from src\main\AndroidManifest.xml:40:15-62
activity#com.tns.ErrorReportActivity
ADDED from src\main\AndroidManifest.xml:43:3-57
	android:name
		ADDED from src\main\AndroidManifest.xml:43:13-55
uses-permission#android.permission.RECEIVE_BOOT_COMPLETED
ADDED from [:localnotlib-release:] AndroidManifest.xml:11:5-81
	android:name
		ADDED from [:localnotlib-release:] AndroidManifest.xml:11:22-78
activity#com.telerik.localnotifications.NotificationClickedActivity
ADDED from [:localnotlib-release:] AndroidManifest.xml:14:9-95
	android:name
		ADDED from [:localnotlib-release:] AndroidManifest.xml:14:19-92
receiver#com.telerik.localnotifications.NotificationPublisher
ADDED from [:localnotlib-release:] AndroidManifest.xml:16:9-18:40
	android:exported
		ADDED from [:localnotlib-release:] AndroidManifest.xml:18:13-37
	android:name
		ADDED from [:localnotlib-release:] AndroidManifest.xml:17:13-80
receiver#com.telerik.localnotifications.NotificationRestoreReceiver
ADDED from [:localnotlib-release:] AndroidManifest.xml:19:9-25:20
	android:exported
		ADDED from [:localnotlib-release:] AndroidManifest.xml:21:13-37
	android:name
		ADDED from [:localnotlib-release:] AndroidManifest.xml:20:13-86
intent-filter#android.intent.action.BOOT_COMPLETED
ADDED from [:localnotlib-release:] AndroidManifest.xml:22:13-24:29
action#android.intent.action.BOOT_COMPLETED
ADDED from [:localnotlib-release:] AndroidManifest.xml:23:17-79
	android:name
		ADDED from [:localnotlib-release:] AndroidManifest.xml:23:25-76
meta-data#android.support.VERSION
ADDED from [com.android.support:design:26.0.0-alpha1] AndroidManifest.xml:25:5-27:41
MERGED from [com.android.support:appcompat-v7:26.0.0-alpha1] AndroidManifest.xml:25:5-27:41
MERGED from [com.android.support:animated-vector-drawable:26.0.0-alpha1] AndroidManifest.xml:22:5-24:41
MERGED from [com.android.support:support-vector-drawable:26.0.0-alpha1] AndroidManifest.xml:22:5-24:41
MERGED from [com.android.support:recyclerview-v7:26.0.0-alpha1] AndroidManifest.xml:22:5-24:41
MERGED from [com.android.support:transition:26.0.0-alpha1] AndroidManifest.xml:22:5-24:41
MERGED from [com.android.support:support-media-compat:26.1.0] AndroidManifest.xml:26:9-28:38
MERGED from [com.android.support:support-fragment:26.1.0] AndroidManifest.xml:26:9-28:38
MERGED from [com.android.support:support-core-ui:26.1.0] AndroidManifest.xml:26:9-28:38
MERGED from [com.android.support:support-core-utils:26.1.0] AndroidManifest.xml:26:9-28:38
MERGED from [com.android.support:support-compat:26.1.0] AndroidManifest.xml:26:9-28:38
	android:value
		ADDED from [com.android.support:design:26.0.0-alpha1] AndroidManifest.xml:27:9-38
	android:name
		ADDED from [com.android.support:design:26.0.0-alpha1] AndroidManifest.xml:26:9-47
meta-data#android.arch.lifecycle.VERSION
ADDED from [android.arch.lifecycle:runtime:1.0.0] AndroidManifest.xml:25:9-27:47
	android:value
		ADDED from [android.arch.lifecycle:runtime:1.0.0] AndroidManifest.xml:27:13-44
	android:name
		ADDED from [android.arch.lifecycle:runtime:1.0.0] AndroidManifest.xml:26:13-58